2025-06-11 05:56:29,210 - ERROR - Redis connection failed: Error connecting to localhost:6379. Multiple exceptions: [Errno 10061] Connect call failed ('::1', 6379, 0, 0), [Errno 10061] Connect call failed ('127.0.0.1', 6379).
2025-06-11 05:56:29,354 - INFO - Conversation manager connected to MongoDB
2025-06-11 05:56:29,391 - INFO - Message manager connected to MongoDB
2025-06-11 05:56:29,421 - INFO - Session manager connected to MongoDB
2025-06-11 05:56:29,421 - INFO - MongoDB connection established
2025-06-11 05:56:30,376 - INFO - Model loaded successfully on cpu
2025-06-11 14:23:14,228 - ERROR - Redis connection failed: Error connecting to localhost:6379. Multiple exceptions: [Errno 10061] Connect call failed ('::1', 6379, 0, 0), [Errno 10061] Connect call failed ('127.0.0.1', 6379).
2025-06-11 14:23:14,342 - INFO - Conversation manager connected to MongoDB
2025-06-11 14:23:14,345 - INFO - Message manager connected to MongoDB
2025-06-11 14:23:14,346 - INFO - Session manager connected to MongoDB
2025-06-11 14:23:14,346 - INFO - MongoDB connection established
2025-06-11 14:23:15,261 - INFO - Model loaded successfully on cpu
2025-06-11 14:26:57,994 - INFO - MongoDB connection closed
2025-06-11 14:27:08,044 - ERROR - Redis connection failed: Error connecting to localhost:6379. Multiple exceptions: [Errno 10061] Connect call failed ('::1', 6379, 0, 0), [Errno 10061] Connect call failed ('127.0.0.1', 6379).
2025-06-11 14:27:08,056 - INFO - Conversation manager connected to MongoDB
2025-06-11 14:27:08,058 - INFO - Message manager connected to MongoDB
2025-06-11 14:27:08,059 - INFO - Session manager connected to MongoDB
2025-06-11 14:27:08,059 - INFO - MongoDB connection established
2025-06-11 14:27:08,635 - INFO - Model loaded successfully on cpu
2025-06-11 14:27:43,936 - INFO - MongoDB connection closed
2025-06-11 14:39:48,936 - ERROR - Redis connection failed: Error connecting to localhost:6379. Multiple exceptions: [Errno 10061] Connect call failed ('::1', 6379, 0, 0), [Errno 10061] Connect call failed ('127.0.0.1', 6379).
2025-06-11 14:39:48,949 - INFO - Conversation manager connected to MongoDB
2025-06-11 14:39:48,951 - INFO - Message manager connected to MongoDB
2025-06-11 14:39:48,953 - INFO - Session manager connected to MongoDB
2025-06-11 14:39:48,953 - INFO - MongoDB connection established
2025-06-11 14:39:49,596 - INFO - Model loaded successfully on cpu
2025-06-11 14:40:10,536 - INFO - MongoDB connection closed
2025-06-11 14:40:27,671 - ERROR - Redis connection failed: Error connecting to localhost:6379. Multiple exceptions: [Errno 10061] Connect call failed ('::1', 6379, 0, 0), [Errno 10061] Connect call failed ('127.0.0.1', 6379).
2025-06-11 14:40:27,680 - INFO - Conversation manager connected to MongoDB
2025-06-11 14:40:27,682 - INFO - Message manager connected to MongoDB
2025-06-11 14:40:27,684 - INFO - Session manager connected to MongoDB
2025-06-11 14:40:27,684 - INFO - MongoDB connection established
2025-06-11 14:40:28,249 - INFO - Model loaded successfully on cpu
2025-06-11 14:41:52,467 - INFO - MongoDB connection closed
